<?xml version="1.0" encoding="UTF-8"?>
<!-- Generated by org.testng.reporters.JUnitReportReporter -->
<testsuite skipped="0" hostname="DESKTOP-PB44JCV" name="com.crm.PurchaseOrderApproved.TC_05_PucOrd_ReceivedShipment" tests="1" failures="0" timestamp="2021-09-17T12:20:00 IST" time="12.255" errors="0">
  <testcase name="PucOrd_ReceivedShipment" time="12.255" classname="com.crm.PurchaseOrderApproved.TC_05_PucOrd_ReceivedShipment"/>
  <system-out/>
</testsuite> <!-- com.crm.PurchaseOrderApproved.TC_05_PucOrd_ReceivedShipment -->
