<?xml version="1.0" encoding="UTF-8"?>
<!-- Generated by org.testng.reporters.JUnitReportReporter -->
<testsuite skipped="0" hostname="DESKTOP-PB44JCV" name="dataDriven_Testing.AccountStatus_UnitTest" tests="1" failures="0" timestamp="2021-09-07T10:48:32 IST" time="0.417" errors="0">
  <testcase name="testAcccountType" time="0.417" classname="dataDriven_Testing.AccountStatus_UnitTest"/>
  <system-out/>
</testsuite> <!-- dataDriven_Testing.AccountStatus_UnitTest -->
