<?xml version="1.0" encoding="UTF-8"?>
<!-- Generated by org.testng.reporters.JUnitReportReporter -->
<testsuite skipped="0" hostname="DESKTOP-PB44JCV" name="com.com.practice.ReadFromXML" tests="1" failures="0" timestamp="2021-09-07T15:23:38 IST" time="0.000" errors="0">
  <testcase name="ReadDataFromXML" time="0.000" classname="com.com.practice.ReadFromXML"/>
  <system-out/>
</testsuite> <!-- com.com.practice.ReadFromXML -->
