<?xml version="1.0" encoding="UTF-8"?>
<!-- Generated by org.testng.reporters.JUnitReportReporter -->
<testsuite skipped="0" hostname="DESKTOP-PB44JCV" name="com.com.practice.LoginPractice" tests="1" failures="0" timestamp="2021-09-15T13:12:14 IST" time="9.793" errors="0">
  <testcase name="Login_page" time="9.793" classname="com.com.practice.LoginPractice"/>
  <system-out/>
</testsuite> <!-- com.com.practice.LoginPractice -->
