<?xml version="1.0" encoding="UTF-8"?>
<!-- Generated by org.testng.reporters.JUnitReportReporter -->
<testsuite skipped="0" hostname="DESKTOP-PB44JCV" name="com.crm.PurchaseOrderApproved2.Tc_02_Select" tests="1" failures="0" timestamp="2021-09-12T12:31:52 IST" time="68.176" errors="0">
  <testcase name="TC_02_Select" time="68.176" classname="com.crm.PurchaseOrderApproved2.Tc_02_Select"/>
  <system-out/>
</testsuite> <!-- com.crm.PurchaseOrderApproved2.Tc_02_Select -->
