<?xml version="1.0" encoding="UTF-8"?>
<!-- Generated by org.testng.reporters.JUnitReportReporter -->
<testsuite skipped="0" hostname="DESKTOP-PB44JCV" name="com.crm.autodesk.ContactsTests.TC_03_Product" tests="1" failures="0" timestamp="2021-09-09T15:47:46 IST" time="33.243" errors="0">
  <testcase name="checkpr0duct" time="33.243" classname="com.crm.autodesk.ContactsTests.TC_03_Product"/>
  <system-out/>
</testsuite> <!-- com.crm.autodesk.ContactsTests.TC_03_Product -->
