<?xml version="1.0" encoding="UTF-8"?>
<!-- Generated by org.testng.reporters.JUnitReportReporter -->
<testsuite skipped="0" hostname="DESKTOP-PB44JCV" name="com.crm.test1.TC_01" tests="1" failures="0" timestamp="2021-09-12T17:05:20 IST" time="37.917" errors="0">
  <testcase name="test1" time="37.917" classname="com.crm.test1.TC_01"/>
  <system-out/>
</testsuite> <!-- com.crm.test1.TC_01 -->
